<?xml version="1.0" encoding="UTF-8"?>
<!-- Generated by org.testng.reporters.JUnitXMLReporter -->
<testsuite ignored="0" hostname="DESKTOP-D2FOUKF" failures="0" tests="5" name="Default test" time="100.364" errors="0" timestamp="2020-10-12T02:40:33 IST">
  <testcase classname="tests.SearchSamsung" name="searchForProduct" time="11.003"/>
  <testcase classname="tests.SearchSamsung" name="selectMaxPrice" time="3.775"/>
  <testcase classname="tests.SearchSamsung" name="selectRam" time="1.133"/>
  <testcase classname="tests.SearchSamsung" name="selectProcessorBrand" time="0.674"/>
  <testcase classname="tests.SearchSamsung" name="serchResults" time="7.888"/>
</testsuite> <!-- Default test -->
